<?xml version="1.0" encoding="UTF-8"?>
<!-- Generated by org.testng.reporters.JUnitReportReporter -->
<testsuite skipped="0" hostname="Arul" name="com.crm.qa.testcases.LoginPageTest" tests="3" failures="0" timestamp="21 Aug 2019 10:34:06 GMT" time="40.598" errors="0">
  <testcase name="loginPageTitleTest" time="12.002" classname="com.crm.qa.testcases.LoginPageTest"/>
  <testcase name="crmLogoTest" time="10.944" classname="com.crm.qa.testcases.LoginPageTest"/>
  <testcase name="loginTest" time="17.652" classname="com.crm.qa.testcases.LoginPageTest"/>
</testsuite> <!-- com.crm.qa.testcases.LoginPageTest -->
